1599766766413	geckodriver	INFO	Listening on 127.0.0.1:61380
1599766769460	mozrunner::runner	INFO	Running command: "C:\\Program Files\\Mozilla Firefox\\firefox.exe" "--marionette" "-foreground" "-no-remote" "-profile" "C:\\Users\\itadmin\\AppData\\Local\\Temp\\rust_mozprofilemwg4Dv"
JavaScript error: resource://gre/modules/XULStore.jsm, line 66: Error: Can't find profile directory.
console.error: SearchCache: "_readCacheFile: Error reading cache file:" (new Error("", "(unknown module)"))
1599766773880	Marionette	INFO	Listening on port 61388
1599766774187	Marionette	WARN	TLS certificate errors will be ignored for this session
JavaScript warning: https://dev.console.test.cloud.ibm.com/analytics/build/1.5.60-331/bluemix-analytics.min.js, line 6: unreachable code after return statement
JavaScript warning: https://dev.console.test.cloud.ibm.com/analytics/build/1.5.60-331/bluemix-analytics.min.js, line 6: unreachable code after return statement
JavaScript warning: https://dev.console.test.cloud.ibm.com/analytics/build/1.5.60-331/bluemix-analytics.min.js, line 6: unreachable code after return statement
JavaScript warning: https://dev.console.test.cloud.ibm.com/analytics/build/1.5.60-331/bluemix-analytics.min.js, line 6: unreachable code after return statement
JavaScript error: , line 0: uncaught exception: No session info from broadway
JavaScript warning: https://dev.console.test.cloud.ibm.com/analytics/build/bluemix-analytics.min.js, line 6: unreachable code after return statement
JavaScript warning: https://dev.console.test.cloud.ibm.com/analytics/build/bluemix-analytics.min.js, line 6: unreachable code after return statement
JavaScript error: , line 0: TypeError: NetworkError when attempting to fetch resource.
1599766842690	Marionette	INFO	Stopped listening on port 61388

###!!! [Child][RunMessage] Error: Channel closing: too late to send/recv, messages will be lost


###!!! [Child][MessageChannel::SendAndWait] Error: Channel error: cannot send/recv

1599767647000	geckodriver	INFO	Listening on 127.0.0.1:61593
1599767650054	mozrunner::runner	INFO	Running command: "C:\\Program Files\\Mozilla Firefox\\firefox.exe" "--marionette" "-foreground" "-no-remote" "-profile" "C:\\Users\\itadmin\\AppData\\Local\\Temp\\rust_mozprofilelOpDzl"
JavaScript error: resource://gre/modules/XULStore.jsm, line 66: Error: Can't find profile directory.
console.error: SearchCache: "_readCacheFile: Error reading cache file:" (new Error("", "(unknown module)"))
1599767653452	Marionette	INFO	Listening on port 61603
1599767653690	Marionette	WARN	TLS certificate errors will be ignored for this session
JavaScript warning: https://dev.console.test.cloud.ibm.com/analytics/build/1.5.60-331/bluemix-analytics.min.js, line 6: unreachable code after return statement
JavaScript warning: https://dev.console.test.cloud.ibm.com/analytics/build/1.5.60-331/bluemix-analytics.min.js, line 6: unreachable code after return statement
JavaScript warning: https://dev.console.test.cloud.ibm.com/analytics/build/1.5.60-331/bluemix-analytics.min.js, line 6: unreachable code after return statement
JavaScript warning: https://dev.console.test.cloud.ibm.com/analytics/build/1.5.60-331/bluemix-analytics.min.js, line 6: unreachable code after return statement
JavaScript error: , line 0: uncaught exception: No session info from broadway
JavaScript warning: https://dev.console.test.cloud.ibm.com/analytics/build/bluemix-analytics.min.js, line 6: unreachable code after return statement
JavaScript warning: https://dev.console.test.cloud.ibm.com/analytics/build/bluemix-analytics.min.js, line 6: unreachable code after return statement
JavaScript error: , line 0: TypeError: NetworkError when attempting to fetch resource.
1599767728535	Marionette	INFO	Stopped listening on port 61603

###!!! [Child][RunMessage] Error: Channel closing: too late to send/recv, messages will be lost

1600088811466	geckodriver	INFO	Listening on 127.0.0.1:50329
1600088814518	mozrunner::runner	INFO	Running command: "C:\\Program Files\\Mozilla Firefox\\firefox.exe" "--marionette" "-foreground" "-no-remote" "-profile" "C:\\Users\\itadmin\\AppData\\Local\\Temp\\rust_mozprofileA5ACvS"
JavaScript error: resource://gre/modules/XULStore.jsm, line 66: Error: Can't find profile directory.
console.error: SearchCache: "_readCacheFile: Error reading cache file:" (new Error("", "(unknown module)"))
1600088817543	Marionette	INFO	Listening on port 50337
1600088817702	Marionette	WARN	TLS certificate errors will be ignored for this session
JavaScript error: resource://gre/modules/URIFixup.jsm, line 271: NS_ERROR_FAILURE: Should pass a non-null uri
JavaScript warning: https://dev.console.test.cloud.ibm.com/analytics/build/1.5.60-332/bluemix-analytics.min.js, line 6: unreachable code after return statement
JavaScript warning: https://dev.console.test.cloud.ibm.com/analytics/build/1.5.60-332/bluemix-analytics.min.js, line 6: unreachable code after return statement
1600088853128	Marionette	INFO	Stopped listening on port 50337

###!!! [Child][RunMessage] Error: Channel closing: too late to send/recv, messages will be lost


###!!! [Child][MessageChannel::SendAndWait] Error: Channel error: cannot send/recv

1600088995706	geckodriver	INFO	Listening on 127.0.0.1:50534
1600088998733	mozrunner::runner	INFO	Running command: "C:\\Program Files\\Mozilla Firefox\\firefox.exe" "--marionette" "-foreground" "-no-remote" "-profile" "C:\\Users\\itadmin\\AppData\\Local\\Temp\\rust_mozprofileGa8Nmb"
JavaScript error: resource://gre/modules/XULStore.jsm, line 66: Error: Can't find profile directory.
console.error: SearchCache: "_readCacheFile: Error reading cache file:" (new Error("", "(unknown module)"))
1600089001620	Marionette	INFO	Listening on port 50542
1600089001887	Marionette	WARN	TLS certificate errors will be ignored for this session
JavaScript error: resource://gre/modules/URIFixup.jsm, line 271: NS_ERROR_FAILURE: Should pass a non-null uri
JavaScript warning: https://dev.console.test.cloud.ibm.com/analytics/build/1.5.60-332/bluemix-analytics.min.js, line 6: unreachable code after return statement
JavaScript warning: https://dev.console.test.cloud.ibm.com/analytics/build/1.5.60-332/bluemix-analytics.min.js, line 6: unreachable code after return statement
JavaScript warning: https://dev.console.test.cloud.ibm.com/analytics/build/bluemix-analytics.min.js, line 6: unreachable code after return statement
JavaScript warning: https://dev.console.test.cloud.ibm.com/analytics/build/bluemix-analytics.min.js, line 6: unreachable code after return statement
JavaScript error: , line 0: TypeError: NetworkError when attempting to fetch resource.
1600089071759	Marionette	INFO	Stopped listening on port 50542

###!!! [Child][RunMessage] Error: Channel closing: too late to send/recv, messages will be lost

[Parent 7124, Gecko_IOThread] WARNING: pipe error: 232: file /builds/worker/checkouts/gecko/ipc/chromium/src/chrome/common/ipc_channel_win.cc, line 545
1600200857856	geckodriver	INFO	Listening on 127.0.0.1:56107
1600200860886	mozrunner::runner	INFO	Running command: "C:\\Program Files\\Mozilla Firefox\\firefox.exe" "--marionette" "-foreground" "-no-remote" "-profile" "C:\\Users\\itadmin\\AppData\\Local\\Temp\\rust_mozprofileejkNu1"
JavaScript error: resource://gre/modules/XULStore.jsm, line 66: Error: Can't find profile directory.
console.error: SearchCache: "_readCacheFile: Error reading cache file:" (new Error("", "(unknown module)"))
1600200864337	Marionette	INFO	Listening on port 56115
1600200864541	Marionette	WARN	TLS certificate errors will be ignored for this session
JavaScript error: resource://gre/modules/URIFixup.jsm, line 271: NS_ERROR_FAILURE: Should pass a non-null uri
JavaScript error: resource://gre/modules/DeferredTask.jsm, line 215: Error: Unable to arm timer, the object has been finalized.
1600200868420	Marionette	INFO	Stopped listening on port 56115

###!!! [Child][RunMessage] Error: Channel closing: too late to send/recv, messages will be lost

[Parent 11608, Gecko_IOThread] WARNING: pipe error: 232: file /builds/worker/checkouts/gecko/ipc/chromium/src/chrome/common/ipc_channel_win.cc, line 545

###!!! [Child][MessageChannel::SendAndWait] Error: Channel error: cannot send/recv

1600619101730	geckodriver	INFO	Listening on 127.0.0.1:51784
1600619104767	mozrunner::runner	INFO	Running command: "C:\\Program Files\\Mozilla Firefox\\firefox.exe" "--marionette" "-foreground" "-no-remote" "-profile" "C:\\Users\\itadmin\\AppData\\Local\\Temp\\rust_mozprofilekuiAIP"
JavaScript error: resource://gre/modules/XULStore.jsm, line 66: Error: Can't find profile directory.
console.error: SearchCache: "_readCacheFile: Error reading cache file:" (new Error("", "(unknown module)"))
1600619107536	Marionette	INFO	Listening on port 51792
1600619107901	Marionette	WARN	TLS certificate errors will be ignored for this session
JavaScript error: resource://gre/modules/URIFixup.jsm, line 271: NS_ERROR_FAILURE: Should pass a non-null uri
JavaScript warning: https://dev.console.test.cloud.ibm.com/analytics/build/1.5.60-332/bluemix-analytics.min.js, line 6: unreachable code after return statement
JavaScript warning: https://dev.console.test.cloud.ibm.com/analytics/build/1.5.60-332/bluemix-analytics.min.js, line 6: unreachable code after return statement
1600619130593	Marionette	INFO	Stopped listening on port 51792

###!!! [Child][RunMessage] Error: Channel closing: too late to send/recv, messages will be lost

[Parent 2156, Gecko_IOThread] WARNING: pipe error: 232: file /builds/worker/checkouts/gecko/ipc/chromium/src/chrome/common/ipc_channel_win.cc, line 545
1600635514875	geckodriver	INFO	Listening on 127.0.0.1:57065
1600635517900	mozrunner::runner	INFO	Running command: "C:\\Program Files\\Mozilla Firefox\\firefox.exe" "--marionette" "-foreground" "-no-remote" "-profile" "C:\\Users\\itadmin\\AppData\\Local\\Temp\\rust_mozprofile26nEMM"
JavaScript error: resource://gre/modules/XULStore.jsm, line 66: Error: Can't find profile directory.
console.error: SearchCache: "_readCacheFile: Error reading cache file:" (new Error("", "(unknown module)"))
1600635521281	Marionette	INFO	Listening on port 57075
1600635521520	Marionette	WARN	TLS certificate errors will be ignored for this session
JavaScript error: resource://gre/modules/URIFixup.jsm, line 271: NS_ERROR_FAILURE: Should pass a non-null uri
JavaScript warning: https://dev.console.test.cloud.ibm.com/analytics/build/1.5.60-332/bluemix-analytics.min.js, line 6: unreachable code after return statement
JavaScript warning: https://dev.console.test.cloud.ibm.com/analytics/build/1.5.60-332/bluemix-analytics.min.js, line 6: unreachable code after return statement
1600635551749	Marionette	INFO	Stopped listening on port 57075

###!!! [Child][RunMessage] Error: Channel closing: too late to send/recv, messages will be lost

[Parent 9608, Gecko_IOThread] WARNING: pipe error: 232: file /builds/worker/checkouts/gecko/ipc/chromium/src/chrome/common/ipc_channel_win.cc, line 545
1600635553429	geckodriver	INFO	Listening on 127.0.0.1:57149
1600635556457	mozrunner::runner	INFO	Running command: "C:\\Program Files\\Mozilla Firefox\\firefox.exe" "--marionette" "-foreground" "-no-remote" "-profile" "C:\\Users\\itadmin\\AppData\\Local\\Temp\\rust_mozprofileKIkVRm"
JavaScript error: resource://gre/modules/XULStore.jsm, line 66: Error: Can't find profile directory.
console.error: SearchCache: "_readCacheFile: Error reading cache file:" (new Error("", "(unknown module)"))
1600635559267	Marionette	INFO	Listening on port 57162
1600635559583	Marionette	WARN	TLS certificate errors will be ignored for this session
JavaScript error: resource://gre/modules/URIFixup.jsm, line 271: NS_ERROR_FAILURE: Should pass a non-null uri
JavaScript warning: https://dev.console.test.cloud.ibm.com/analytics/build/1.5.60-332/bluemix-analytics.min.js, line 6: unreachable code after return statement
JavaScript warning: https://dev.console.test.cloud.ibm.com/analytics/build/1.5.60-332/bluemix-analytics.min.js, line 6: unreachable code after return statement
JavaScript warning: https://dev.console.test.cloud.ibm.com/analytics/build/bluemix-analytics.min.js, line 6: unreachable code after return statement
JavaScript error: , line 0: TypeError: NetworkError when attempting to fetch resource.
JavaScript warning: https://dev.console.test.cloud.ibm.com/analytics/build/bluemix-analytics.min.js, line 6: unreachable code after return statement
1600635667153	Marionette	INFO	Stopped listening on port 57162

###!!! [Child][RunMessage] Error: Channel closing: too late to send/recv, messages will be lost


###!!! [Child][MessageChannel::SendAndWait] Error: Channel error: cannot send/recv

1600635668398	geckodriver	INFO	Listening on 127.0.0.1:57283
1600635671439	mozrunner::runner	INFO	Running command: "C:\\Program Files\\Mozilla Firefox\\firefox.exe" "--marionette" "-foreground" "-no-remote" "-profile" "C:\\Users\\itadmin\\AppData\\Local\\Temp\\rust_mozprofileKHN2gD"
JavaScript error: resource://gre/modules/XULStore.jsm, line 66: Error: Can't find profile directory.
console.error: SearchCache: "_readCacheFile: Error reading cache file:" (new Error("", "(unknown module)"))
1600635674175	Marionette	INFO	Listening on port 57291
1600635674564	Marionette	WARN	TLS certificate errors will be ignored for this session
JavaScript error: resource://gre/modules/URIFixup.jsm, line 271: NS_ERROR_FAILURE: Should pass a non-null uri
JavaScript warning: https://dev.console.test.cloud.ibm.com/analytics/build/1.5.60-332/bluemix-analytics.min.js, line 6: unreachable code after return statement
JavaScript warning: https://dev.console.test.cloud.ibm.com/analytics/build/1.5.60-332/bluemix-analytics.min.js, line 6: unreachable code after return statement
JavaScript warning: https://dev.console.test.cloud.ibm.com/analytics/build/bluemix-analytics.min.js, line 6: unreachable code after return statement
JavaScript warning: https://dev.console.test.cloud.ibm.com/analytics/build/bluemix-analytics.min.js, line 6: unreachable code after return statement
JavaScript error: , line 0: TypeError: NetworkError when attempting to fetch resource.
1600635766371	Marionette	INFO	Stopped listening on port 57291
[Parent 10600, Gecko_IOThread] WARNING: file /builds/worker/checkouts/gecko/ipc/chromium/src/base/process_util_win.cc, line 166

###!!! [Child][RunMessage] Error: Channel closing: too late to send/recv, messages will be lost


###!!! [Child][MessageChannel::SendAndWait] Error: Channel error: cannot send/recv

1600635767737	geckodriver	INFO	Listening on 127.0.0.1:57488
1600635770773	mozrunner::runner	INFO	Running command: "C:\\Program Files\\Mozilla Firefox\\firefox.exe" "--marionette" "-foreground" "-no-remote" "-profile" "C:\\Users\\itadmin\\AppData\\Local\\Temp\\rust_mozprofile6PhjVG"
JavaScript error: resource://gre/modules/XULStore.jsm, line 66: Error: Can't find profile directory.
console.error: SearchCache: "_readCacheFile: Error reading cache file:" (new Error("", "(unknown module)"))
1600635773664	Marionette	INFO	Listening on port 57499
1600635773909	Marionette	WARN	TLS certificate errors will be ignored for this session
JavaScript error: resource://gre/modules/URIFixup.jsm, line 271: NS_ERROR_FAILURE: Should pass a non-null uri
JavaScript warning: https://dev.console.test.cloud.ibm.com/analytics/build/1.5.60-332/bluemix-analytics.min.js, line 6: unreachable code after return statement
JavaScript warning: https://dev.console.test.cloud.ibm.com/analytics/build/1.5.60-332/bluemix-analytics.min.js, line 6: unreachable code after return statement
JavaScript warning: https://dev.console.test.cloud.ibm.com/analytics/build/bluemix-analytics.min.js, line 6: unreachable code after return statement
JavaScript warning: https://dev.console.test.cloud.ibm.com/analytics/build/bluemix-analytics.min.js, line 6: unreachable code after return statement
JavaScript error: , line 0: TypeError: NetworkError when attempting to fetch resource.
1600635986111	Marionette	INFO	Stopped listening on port 57499

###!!! [Child][RunMessage] Error: Channel closing: too late to send/recv, messages will be lost


###!!! [Child][MessageChannel::SendAndWait] Error: Channel error: cannot send/recv

1600635987466	geckodriver	INFO	Listening on 127.0.0.1:57729
1600635990509	mozrunner::runner	INFO	Running command: "C:\\Program Files\\Mozilla Firefox\\firefox.exe" "--marionette" "-foreground" "-no-remote" "-profile" "C:\\Users\\itadmin\\AppData\\Local\\Temp\\rust_mozprofilek7KTvj"
JavaScript error: resource://gre/modules/XULStore.jsm, line 66: Error: Can't find profile directory.
console.error: SearchCache: "_readCacheFile: Error reading cache file:" (new Error("", "(unknown module)"))
1600635993693	Marionette	INFO	Listening on port 57739
1600635994133	Marionette	WARN	TLS certificate errors will be ignored for this session
JavaScript error: resource://gre/modules/URIFixup.jsm, line 271: NS_ERROR_FAILURE: Should pass a non-null uri
JavaScript warning: https://dev.console.test.cloud.ibm.com/analytics/build/1.5.60-332/bluemix-analytics.min.js, line 6: unreachable code after return statement
JavaScript warning: https://dev.console.test.cloud.ibm.com/analytics/build/1.5.60-332/bluemix-analytics.min.js, line 6: unreachable code after return statement
JavaScript warning: https://dev.console.test.cloud.ibm.com/analytics/build/bluemix-analytics.min.js, line 6: unreachable code after return statement
JavaScript warning: https://dev.console.test.cloud.ibm.com/analytics/build/bluemix-analytics.min.js, line 6: unreachable code after return statement
JavaScript error: , line 0: TypeError: NetworkError when attempting to fetch resource.
1600636119344	Marionette	INFO	Stopped listening on port 57739

###!!! [Child][RunMessage] Error: Channel closing: too late to send/recv, messages will be lost


###!!! [Child][MessageChannel::SendAndWait] Error: Channel error: cannot send/recv

1600636120719	geckodriver	INFO	Listening on 127.0.0.1:57848
1600636123733	mozrunner::runner	INFO	Running command: "C:\\Program Files\\Mozilla Firefox\\firefox.exe" "--marionette" "-foreground" "-no-remote" "-profile" "C:\\Users\\itadmin\\AppData\\Local\\Temp\\rust_mozprofileSMTqTf"
JavaScript error: resource://gre/modules/XULStore.jsm, line 66: Error: Can't find profile directory.
console.error: SearchCache: "_readCacheFile: Error reading cache file:" (new Error("", "(unknown module)"))
1600636127606	Marionette	INFO	Listening on port 57856
1600636127940	Marionette	WARN	TLS certificate errors will be ignored for this session
JavaScript error: resource://gre/modules/URIFixup.jsm, line 271: NS_ERROR_FAILURE: Should pass a non-null uri
JavaScript warning: https://dev.console.test.cloud.ibm.com/analytics/build/1.5.60-332/bluemix-analytics.min.js, line 6: unreachable code after return statement
JavaScript warning: https://dev.console.test.cloud.ibm.com/analytics/build/1.5.60-332/bluemix-analytics.min.js, line 6: unreachable code after return statement
JavaScript warning: https://dev.console.test.cloud.ibm.com/analytics/build/bluemix-analytics.min.js, line 6: unreachable code after return statement
JavaScript warning: https://dev.console.test.cloud.ibm.com/analytics/build/bluemix-analytics.min.js, line 6: unreachable code after return statement
JavaScript error: , line 0: TypeError: NetworkError when attempting to fetch resource.
1600636246185	Marionette	INFO	Stopped listening on port 57856
[Parent 9576, Gecko_IOThread] WARNING: file /builds/worker/checkouts/gecko/ipc/chromium/src/base/process_util_win.cc, line 166

###!!! [Child][RunMessage] Error: Channel closing: too late to send/recv, messages will be lost


###!!! [Child][MessageChannel::SendAndWait] Error: Channel error: cannot send/recv

1600636247552	geckodriver	INFO	Listening on 127.0.0.1:57950
1600636250594	mozrunner::runner	INFO	Running command: "C:\\Program Files\\Mozilla Firefox\\firefox.exe" "--marionette" "-foreground" "-no-remote" "-profile" "C:\\Users\\itadmin\\AppData\\Local\\Temp\\rust_mozprofilejrifni"
JavaScript error: resource://gre/modules/XULStore.jsm, line 66: Error: Can't find profile directory.
console.error: SearchCache: "_readCacheFile: Error reading cache file:" (new Error("", "(unknown module)"))
1600636253423	Marionette	INFO	Listening on port 57958
1600636253735	Marionette	WARN	TLS certificate errors will be ignored for this session
JavaScript error: resource://gre/modules/URIFixup.jsm, line 271: NS_ERROR_FAILURE: Should pass a non-null uri
JavaScript warning: https://dev.console.test.cloud.ibm.com/analytics/build/1.5.60-332/bluemix-analytics.min.js, line 6: unreachable code after return statement
JavaScript warning: https://dev.console.test.cloud.ibm.com/analytics/build/1.5.60-332/bluemix-analytics.min.js, line 6: unreachable code after return statement
JavaScript warning: https://dev.console.test.cloud.ibm.com/analytics/build/bluemix-analytics.min.js, line 6: unreachable code after return statement
JavaScript warning: https://dev.console.test.cloud.ibm.com/analytics/build/bluemix-analytics.min.js, line 6: unreachable code after return statement
JavaScript error: , line 0: TypeError: NetworkError when attempting to fetch resource.
1600636389329	Marionette	INFO	Stopped listening on port 57958
IPDL protocol error: Handler returned error code!

###!!! [Parent][DispatchAsyncMessage] Error: PLayerTransaction::Msg_ReleaseLayer Processing error: message was deserialized, but the handler returned false (indicating failure)


###!!! [Child][RunMessage] Error: Channel closing: too late to send/recv, messages will be lost


###!!! [Child][MessageChannel::SendAndWait] Error: Channel error: cannot send/recv

1600636390474	geckodriver	INFO	Listening on 127.0.0.1:58084
1600636393517	mozrunner::runner	INFO	Running command: "C:\\Program Files\\Mozilla Firefox\\firefox.exe" "--marionette" "-foreground" "-no-remote" "-profile" "C:\\Users\\itadmin\\AppData\\Local\\Temp\\rust_mozprofiledXuWhk"
JavaScript error: resource://gre/modules/XULStore.jsm, line 66: Error: Can't find profile directory.
console.error: SearchCache: "_readCacheFile: Error reading cache file:" (new Error("", "(unknown module)"))
1600636396176	Marionette	INFO	Listening on port 58092
1600636396643	Marionette	WARN	TLS certificate errors will be ignored for this session
JavaScript error: resource://gre/modules/URIFixup.jsm, line 271: NS_ERROR_FAILURE: Should pass a non-null uri
JavaScript warning: https://dev.console.test.cloud.ibm.com/analytics/build/1.5.60-332/bluemix-analytics.min.js, line 6: unreachable code after return statement
JavaScript warning: https://dev.console.test.cloud.ibm.com/analytics/build/1.5.60-332/bluemix-analytics.min.js, line 6: unreachable code after return statement
JavaScript warning: https://dev.console.test.cloud.ibm.com/analytics/build/bluemix-analytics.min.js, line 6: unreachable code after return statement
JavaScript error: , line 0: TypeError: NetworkError when attempting to fetch resource.
JavaScript warning: https://dev.console.test.cloud.ibm.com/analytics/build/bluemix-analytics.min.js, line 6: unreachable code after return statement
1600636516598	Marionette	INFO	Stopped listening on port 58092

###!!! [Child][RunMessage] Error: Channel closing: too late to send/recv, messages will be lost

1600637001055	geckodriver	INFO	Listening on 127.0.0.1:58449
1600637004088	mozrunner::runner	INFO	Running command: "C:\\Program Files\\Mozilla Firefox\\firefox.exe" "--marionette" "-foreground" "-no-remote" "-profile" "C:\\Users\\itadmin\\AppData\\Local\\Temp\\rust_mozprofile3GwmRr"
JavaScript error: resource://gre/modules/XULStore.jsm, line 66: Error: Can't find profile directory.
console.error: SearchCache: "_readCacheFile: Error reading cache file:" (new Error("", "(unknown module)"))
1600637007074	Marionette	INFO	Listening on port 58457
1600637007208	Marionette	WARN	TLS certificate errors will be ignored for this session
JavaScript error: resource://gre/modules/URIFixup.jsm, line 271: NS_ERROR_FAILURE: Should pass a non-null uri
JavaScript warning: https://dev.console.test.cloud.ibm.com/analytics/build/1.5.60-332/bluemix-analytics.min.js, line 6: unreachable code after return statement
JavaScript warning: https://dev.console.test.cloud.ibm.com/analytics/build/1.5.60-332/bluemix-analytics.min.js, line 6: unreachable code after return statement
JavaScript warning: https://dev.console.test.cloud.ibm.com/analytics/build/bluemix-analytics.min.js, line 6: unreachable code after return statement
JavaScript warning: https://dev.console.test.cloud.ibm.com/analytics/build/bluemix-analytics.min.js, line 6: unreachable code after return statement
JavaScript error: , line 0: TypeError: NetworkError when attempting to fetch resource.
1600637124681	Marionette	INFO	Stopped listening on port 58457

###!!! [Child][RunMessage] Error: Channel closing: too late to send/recv, messages will be lost

[Parent 5668, Gecko_IOThread] WARNING: pipe error: 232: file /builds/worker/checkouts/gecko/ipc/chromium/src/chrome/common/ipc_channel_win.cc, line 545
